C:\USERS\HARDE\DOCUMENTS\VISUAL STUDIO 2010\PROJECTS\SPECTRATOR\DEBUG\SPECTRATOR.EXE
C:\USERS\HARDE\DOCUMENTS\VISUAL STUDIO 2010\PROJECTS\SPECTRATOR\DEBUG\SPECTRATOR.ILK
C:\USERS\HARDE\DOCUMENTS\VISUAL STUDIO 2010\PROJECTS\SPECTRATOR\DEBUG\SPECTRATOR.PDB
C:\USERS\HARDE\DOCUMENTS\VISUAL STUDIO 2010\PROJECTS\SPECTRATOR\SPECTRATOR\DEBUG\.NETFRAMEWORK,VERSION=V4.0.ASSEMBLYATTRIBUTES.OBJ
C:\USERS\HARDE\DOCUMENTS\VISUAL STUDIO 2010\PROJECTS\SPECTRATOR\SPECTRATOR\DEBUG\APP.RES
C:\USERS\HARDE\DOCUMENTS\VISUAL STUDIO 2010\PROJECTS\SPECTRATOR\SPECTRATOR\DEBUG\ASSEMBLYINFO.OBJ
C:\USERS\HARDE\DOCUMENTS\VISUAL STUDIO 2010\PROJECTS\SPECTRATOR\SPECTRATOR\DEBUG\CPUINFORMATION.OBJ
C:\USERS\HARDE\DOCUMENTS\VISUAL STUDIO 2010\PROJECTS\SPECTRATOR\SPECTRATOR\DEBUG\SPECTRATOR.EXE.INTERMEDIATE.MANIFEST
C:\USERS\HARDE\DOCUMENTS\VISUAL STUDIO 2010\PROJECTS\SPECTRATOR\SPECTRATOR\DEBUG\SPECTRATOR.OBJ
C:\USERS\HARDE\DOCUMENTS\VISUAL STUDIO 2010\PROJECTS\SPECTRATOR\SPECTRATOR\DEBUG\SPECTRATOR.PCH
C:\USERS\HARDE\DOCUMENTS\VISUAL STUDIO 2010\PROJECTS\SPECTRATOR\SPECTRATOR\DEBUG\SPECULATIONCONTROL.OBJ
C:\USERS\HARDE\DOCUMENTS\VISUAL STUDIO 2010\PROJECTS\SPECTRATOR\SPECTRATOR\DEBUG\STDAFX.OBJ
C:\USERS\HARDE\DOCUMENTS\VISUAL STUDIO 2010\PROJECTS\SPECTRATOR\SPECTRATOR\DEBUG\VC100.PDB
D:\GITHUBANDGITLAB\SPECTRATOR\0.1\WIN32\SOURCE\DEBUG\SPECTRATOR.EXE
D:\GITHUBANDGITLAB\SPECTRATOR\0.1\WIN32\SOURCE\DEBUG\SPECTRATOR.ILK
D:\GITHUBANDGITLAB\SPECTRATOR\0.1\WIN32\SOURCE\DEBUG\SPECTRATOR.PDB
D:\GitHubAndGitlab\spectrator\0.1\Win32\Source\Spectrator\Debug\.NETFramework,Version=v4.0.AssemblyAttributes.obj
D:\GITHUBANDGITLAB\SPECTRATOR\0.1\WIN32\SOURCE\SPECTRATOR\DEBUG\APP.RES
D:\GITHUBANDGITLAB\SPECTRATOR\0.1\WIN32\SOURCE\SPECTRATOR\DEBUG\ASSEMBLYINFO.OBJ
D:\GitHubAndGitlab\spectrator\0.1\Win32\Source\Spectrator\Debug\cl.command.1.tlog
D:\GitHubAndGitlab\spectrator\0.1\Win32\Source\Spectrator\Debug\CL.read.1.tlog
D:\GitHubAndGitlab\spectrator\0.1\Win32\Source\Spectrator\Debug\CL.write.1.tlog
D:\GITHUBANDGITLAB\SPECTRATOR\0.1\WIN32\SOURCE\SPECTRATOR\DEBUG\CPUINFORMATION.OBJ
D:\GitHubAndGitlab\spectrator\0.1\Win32\Source\Spectrator\Debug\link.11644.read.1.tlog
D:\GitHubAndGitlab\spectrator\0.1\Win32\Source\Spectrator\Debug\link.11644.write.1.tlog
D:\GitHubAndGitlab\spectrator\0.1\Win32\Source\Spectrator\Debug\link.11644-cvtres.read.1.tlog
D:\GitHubAndGitlab\spectrator\0.1\Win32\Source\Spectrator\Debug\link.11644-cvtres.write.1.tlog
D:\GitHubAndGitlab\spectrator\0.1\Win32\Source\Spectrator\Debug\link.12204.read.1.tlog
D:\GitHubAndGitlab\spectrator\0.1\Win32\Source\Spectrator\Debug\link.12204.write.1.tlog
D:\GitHubAndGitlab\spectrator\0.1\Win32\Source\Spectrator\Debug\link.12204-cvtres.read.1.tlog
D:\GitHubAndGitlab\spectrator\0.1\Win32\Source\Spectrator\Debug\link.12204-cvtres.write.1.tlog
D:\GitHubAndGitlab\spectrator\0.1\Win32\Source\Spectrator\Debug\link.14780.read.1.tlog
D:\GitHubAndGitlab\spectrator\0.1\Win32\Source\Spectrator\Debug\link.14780.write.1.tlog
D:\GitHubAndGitlab\spectrator\0.1\Win32\Source\Spectrator\Debug\link.14780-cvtres.read.1.tlog
D:\GitHubAndGitlab\spectrator\0.1\Win32\Source\Spectrator\Debug\link.14780-cvtres.write.1.tlog
D:\GitHubAndGitlab\spectrator\0.1\Win32\Source\Spectrator\Debug\link.18196.read.1.tlog
D:\GitHubAndGitlab\spectrator\0.1\Win32\Source\Spectrator\Debug\link.18196.write.1.tlog
D:\GitHubAndGitlab\spectrator\0.1\Win32\Source\Spectrator\Debug\link.18196-cvtres.read.1.tlog
D:\GitHubAndGitlab\spectrator\0.1\Win32\Source\Spectrator\Debug\link.18196-cvtres.write.1.tlog
D:\GitHubAndGitlab\spectrator\0.1\Win32\Source\Spectrator\Debug\link.21840.read.1.tlog
D:\GitHubAndGitlab\spectrator\0.1\Win32\Source\Spectrator\Debug\link.21840.write.1.tlog
D:\GitHubAndGitlab\spectrator\0.1\Win32\Source\Spectrator\Debug\link.21840-cvtres.read.1.tlog
D:\GitHubAndGitlab\spectrator\0.1\Win32\Source\Spectrator\Debug\link.21840-cvtres.write.1.tlog
D:\GitHubAndGitlab\spectrator\0.1\Win32\Source\Spectrator\Debug\link.26912.read.1.tlog
D:\GitHubAndGitlab\spectrator\0.1\Win32\Source\Spectrator\Debug\link.26912.write.1.tlog
D:\GitHubAndGitlab\spectrator\0.1\Win32\Source\Spectrator\Debug\link.26912-cvtres.read.1.tlog
D:\GitHubAndGitlab\spectrator\0.1\Win32\Source\Spectrator\Debug\link.26912-cvtres.write.1.tlog
D:\GitHubAndGitlab\spectrator\0.1\Win32\Source\Spectrator\Debug\link.3920.read.1.tlog
D:\GitHubAndGitlab\spectrator\0.1\Win32\Source\Spectrator\Debug\link.3920.write.1.tlog
D:\GitHubAndGitlab\spectrator\0.1\Win32\Source\Spectrator\Debug\link.3920-cvtres.read.1.tlog
D:\GitHubAndGitlab\spectrator\0.1\Win32\Source\Spectrator\Debug\link.3920-cvtres.write.1.tlog
D:\GitHubAndGitlab\spectrator\0.1\Win32\Source\Spectrator\Debug\link.command.1.tlog
D:\GitHubAndGitlab\spectrator\0.1\Win32\Source\Spectrator\Debug\link.read.1.tlog
D:\GitHubAndGitlab\spectrator\0.1\Win32\Source\Spectrator\Debug\link.write.1.tlog
D:\GitHubAndGitlab\spectrator\0.1\Win32\Source\Spectrator\Debug\mt.command.1.tlog
D:\GitHubAndGitlab\spectrator\0.1\Win32\Source\Spectrator\Debug\mt.read.1.tlog
D:\GitHubAndGitlab\spectrator\0.1\Win32\Source\Spectrator\Debug\mt.write.1.tlog
D:\GitHubAndGitlab\spectrator\0.1\Win32\Source\Spectrator\Debug\rc.command.1.tlog
D:\GitHubAndGitlab\spectrator\0.1\Win32\Source\Spectrator\Debug\rc.read.1.tlog
D:\GitHubAndGitlab\spectrator\0.1\Win32\Source\Spectrator\Debug\rc.write.1.tlog
D:\GITHUBANDGITLAB\SPECTRATOR\0.1\WIN32\SOURCE\SPECTRATOR\DEBUG\SPECTRATOR.EXE.INTERMEDIATE.MANIFEST
D:\GitHubAndGitlab\spectrator\0.1\Win32\Source\Spectrator\Debug\Spectrator.MainView.resources
D:\GITHUBANDGITLAB\SPECTRATOR\0.1\WIN32\SOURCE\SPECTRATOR\DEBUG\SPECTRATOR.OBJ
D:\GITHUBANDGITLAB\SPECTRATOR\0.1\WIN32\SOURCE\SPECTRATOR\DEBUG\SPECTRATOR.PCH
D:\GitHubAndGitlab\spectrator\0.1\Win32\Source\Spectrator\Debug\Spectrator.vcxproj.GenerateResource.Cache
D:\GitHubAndGitlab\spectrator\0.1\Win32\Source\Spectrator\Debug\Spectrator.vcxprojResolveAssemblyReference.cache
D:\GITHUBANDGITLAB\SPECTRATOR\0.1\WIN32\SOURCE\SPECTRATOR\DEBUG\SPECULATIONCONTROL.OBJ
D:\GITHUBANDGITLAB\SPECTRATOR\0.1\WIN32\SOURCE\SPECTRATOR\DEBUG\STDAFX.OBJ
D:\GITHUBANDGITLAB\SPECTRATOR\0.1\WIN32\SOURCE\SPECTRATOR\DEBUG\VC100.PDB
D:\GITHUBANDGITLAB\SPECTRATOR\0.1\WIN32\SOURCE\SPECTRATOR\DEBUG\WINDOWSSPECULATIONCONTROL.OBJ
