D:\GITHUBANDGITLAB\SPECTRATOR\0.1\WIN32\SOURCE\SPECTRATOR\X64\RELEASE\.NETFRAMEWORK,VERSION=V4.0.ASSEMBLYATTRIBUTES.OBJ
D:\GITHUBANDGITLAB\SPECTRATOR\0.1\WIN32\SOURCE\SPECTRATOR\X64\RELEASE\APP.RES
D:\GITHUBANDGITLAB\SPECTRATOR\0.1\WIN32\SOURCE\SPECTRATOR\X64\RELEASE\ASSEMBLYINFO.OBJ
D:\GitHubAndGitlab\spectrator\0.1\Win32\Source\Spectrator\x64\Release\cl.command.1.tlog
D:\GitHubAndGitlab\spectrator\0.1\Win32\Source\Spectrator\x64\Release\CL.read.1.tlog
D:\GitHubAndGitlab\spectrator\0.1\Win32\Source\Spectrator\x64\Release\CL.write.1.tlog
D:\GITHUBANDGITLAB\SPECTRATOR\0.1\WIN32\SOURCE\SPECTRATOR\X64\RELEASE\CPUINFORMATION.OBJ
D:\GitHubAndGitlab\spectrator\0.1\Win32\Source\Spectrator\x64\Release\link.command.1.tlog
D:\GitHubAndGitlab\spectrator\0.1\Win32\Source\Spectrator\x64\Release\link.read.1.tlog
D:\GitHubAndGitlab\spectrator\0.1\Win32\Source\Spectrator\x64\Release\link.write.1.tlog
D:\GitHubAndGitlab\spectrator\0.1\Win32\Source\Spectrator\x64\Release\link-cvtres.read.1.tlog
D:\GitHubAndGitlab\spectrator\0.1\Win32\Source\Spectrator\x64\Release\link-cvtres.write.1.tlog
D:\GitHubAndGitlab\spectrator\0.1\Win32\Source\Spectrator\x64\Release\mt.command.1.tlog
D:\GitHubAndGitlab\spectrator\0.1\Win32\Source\Spectrator\x64\Release\mt.read.1.tlog
D:\GitHubAndGitlab\spectrator\0.1\Win32\Source\Spectrator\x64\Release\mt.write.1.tlog
D:\GitHubAndGitlab\spectrator\0.1\Win32\Source\Spectrator\x64\Release\rc.command.1.tlog
D:\GitHubAndGitlab\spectrator\0.1\Win32\Source\Spectrator\x64\Release\rc.read.1.tlog
D:\GitHubAndGitlab\spectrator\0.1\Win32\Source\Spectrator\x64\Release\rc.write.1.tlog
D:\GITHUBANDGITLAB\SPECTRATOR\0.1\WIN32\SOURCE\SPECTRATOR\X64\RELEASE\SPECTRATOR.EXE.INTERMEDIATE.MANIFEST
D:\GitHubAndGitlab\spectrator\0.1\Win32\Source\Spectrator\x64\Release\Spectrator.MainView.resources
D:\GITHUBANDGITLAB\SPECTRATOR\0.1\WIN32\SOURCE\SPECTRATOR\X64\RELEASE\SPECTRATOR.OBJ
D:\GITHUBANDGITLAB\SPECTRATOR\0.1\WIN32\SOURCE\SPECTRATOR\X64\RELEASE\SPECTRATOR.PCH
D:\GitHubAndGitlab\spectrator\0.1\Win32\Source\Spectrator\x64\Release\Spectrator.vcxproj.GenerateResource.Cache
D:\GitHubAndGitlab\spectrator\0.1\Win32\Source\Spectrator\x64\Release\Spectrator.vcxprojResolveAssemblyReference.cache
D:\GITHUBANDGITLAB\SPECTRATOR\0.1\WIN32\SOURCE\SPECTRATOR\X64\RELEASE\SPECULATIONCONTROL.OBJ
D:\GITHUBANDGITLAB\SPECTRATOR\0.1\WIN32\SOURCE\SPECTRATOR\X64\RELEASE\STDAFX.OBJ
D:\GITHUBANDGITLAB\SPECTRATOR\0.1\WIN32\SOURCE\SPECTRATOR\X64\RELEASE\VC100.PDB
D:\GITHUBANDGITLAB\SPECTRATOR\0.1\WIN32\SOURCE\SPECTRATOR\X64\RELEASE\WINDOWSSPECULATIONCONTROL.OBJ
D:\GITHUBANDGITLAB\SPECTRATOR\0.1\WIN32\SOURCE\X64\RELEASE\SPECTRATOR.EXE
D:\GITHUBANDGITLAB\SPECTRATOR\0.1\WIN32\SOURCE\X64\RELEASE\SPECTRATOR.PDB
