C:\USERS\HARDE\DOCUMENTS\VISUAL STUDIO 2010\PROJECTS\SPECTRATOR\SPECTRATOR\X64\DEBUG\.NETFRAMEWORK,VERSION=V4.0.ASSEMBLYATTRIBUTES.OBJ
C:\USERS\HARDE\DOCUMENTS\VISUAL STUDIO 2010\PROJECTS\SPECTRATOR\SPECTRATOR\X64\DEBUG\APP.RES
C:\USERS\HARDE\DOCUMENTS\VISUAL STUDIO 2010\PROJECTS\SPECTRATOR\SPECTRATOR\X64\DEBUG\ASSEMBLYINFO.OBJ
C:\USERS\HARDE\DOCUMENTS\VISUAL STUDIO 2010\PROJECTS\SPECTRATOR\SPECTRATOR\X64\DEBUG\CPUINFORMATION.OBJ
C:\USERS\HARDE\DOCUMENTS\VISUAL STUDIO 2010\PROJECTS\SPECTRATOR\SPECTRATOR\X64\DEBUG\SPECTRATOR.EXE.INTERMEDIATE.MANIFEST
C:\USERS\HARDE\DOCUMENTS\VISUAL STUDIO 2010\PROJECTS\SPECTRATOR\SPECTRATOR\X64\DEBUG\SPECTRATOR.OBJ
C:\USERS\HARDE\DOCUMENTS\VISUAL STUDIO 2010\PROJECTS\SPECTRATOR\SPECTRATOR\X64\DEBUG\SPECTRATOR.PCH
C:\USERS\HARDE\DOCUMENTS\VISUAL STUDIO 2010\PROJECTS\SPECTRATOR\SPECTRATOR\X64\DEBUG\SPECULATIONCONTROL.OBJ
C:\USERS\HARDE\DOCUMENTS\VISUAL STUDIO 2010\PROJECTS\SPECTRATOR\SPECTRATOR\X64\DEBUG\STDAFX.OBJ
C:\USERS\HARDE\DOCUMENTS\VISUAL STUDIO 2010\PROJECTS\SPECTRATOR\SPECTRATOR\X64\DEBUG\VC100.PDB
C:\USERS\HARDE\DOCUMENTS\VISUAL STUDIO 2010\PROJECTS\SPECTRATOR\SPECTRATOR\X64\DEBUG\WINDOWSSPECULATIONCONTROL.OBJ
C:\USERS\HARDE\DOCUMENTS\VISUAL STUDIO 2010\PROJECTS\SPECTRATOR\X64\DEBUG\SPECTRATOR.EXE
C:\USERS\HARDE\DOCUMENTS\VISUAL STUDIO 2010\PROJECTS\SPECTRATOR\X64\DEBUG\SPECTRATOR.ILK
C:\USERS\HARDE\DOCUMENTS\VISUAL STUDIO 2010\PROJECTS\SPECTRATOR\X64\DEBUG\SPECTRATOR.PDB
D:\GitHubAndGitlab\spectrator\0.1\Win32\Source\Spectrator\x64\Debug\.NETFramework,Version=v4.0.AssemblyAttributes.obj
D:\GitHubAndGitlab\spectrator\0.1\Win32\Source\Spectrator\x64\Debug\app.res
D:\GitHubAndGitlab\spectrator\0.1\Win32\Source\Spectrator\x64\Debug\AssemblyInfo.obj
D:\GitHubAndGitlab\spectrator\0.1\Win32\Source\Spectrator\x64\Debug\cl.command.1.tlog
D:\GitHubAndGitlab\spectrator\0.1\Win32\Source\Spectrator\x64\Debug\CL.read.1.tlog
D:\GitHubAndGitlab\spectrator\0.1\Win32\Source\Spectrator\x64\Debug\CL.write.1.tlog
D:\GitHubAndGitlab\spectrator\0.1\Win32\Source\Spectrator\x64\Debug\CPUInformation.obj
D:\GitHubAndGitlab\spectrator\0.1\Win32\Source\Spectrator\x64\Debug\link.19584.read.1.tlog
D:\GitHubAndGitlab\spectrator\0.1\Win32\Source\Spectrator\x64\Debug\link.19584.write.1.tlog
D:\GitHubAndGitlab\spectrator\0.1\Win32\Source\Spectrator\x64\Debug\link.19584-cvtres.read.1.tlog
D:\GitHubAndGitlab\spectrator\0.1\Win32\Source\Spectrator\x64\Debug\link.19584-cvtres.write.1.tlog
D:\GitHubAndGitlab\spectrator\0.1\Win32\Source\Spectrator\x64\Debug\link.21916.read.1.tlog
D:\GitHubAndGitlab\spectrator\0.1\Win32\Source\Spectrator\x64\Debug\link.21916.write.1.tlog
D:\GitHubAndGitlab\spectrator\0.1\Win32\Source\Spectrator\x64\Debug\link.21916-cvtres.read.1.tlog
D:\GitHubAndGitlab\spectrator\0.1\Win32\Source\Spectrator\x64\Debug\link.21916-cvtres.write.1.tlog
D:\GitHubAndGitlab\spectrator\0.1\Win32\Source\Spectrator\x64\Debug\link.6696.read.1.tlog
D:\GitHubAndGitlab\spectrator\0.1\Win32\Source\Spectrator\x64\Debug\link.6696.write.1.tlog
D:\GitHubAndGitlab\spectrator\0.1\Win32\Source\Spectrator\x64\Debug\link.6696-cvtres.read.1.tlog
D:\GitHubAndGitlab\spectrator\0.1\Win32\Source\Spectrator\x64\Debug\link.6696-cvtres.write.1.tlog
D:\GitHubAndGitlab\spectrator\0.1\Win32\Source\Spectrator\x64\Debug\link.command.1.tlog
D:\GitHubAndGitlab\spectrator\0.1\Win32\Source\Spectrator\x64\Debug\link.read.1.tlog
D:\GitHubAndGitlab\spectrator\0.1\Win32\Source\Spectrator\x64\Debug\link.write.1.tlog
D:\GitHubAndGitlab\spectrator\0.1\Win32\Source\Spectrator\x64\Debug\mt.command.1.tlog
D:\GitHubAndGitlab\spectrator\0.1\Win32\Source\Spectrator\x64\Debug\mt.read.1.tlog
D:\GitHubAndGitlab\spectrator\0.1\Win32\Source\Spectrator\x64\Debug\mt.write.1.tlog
D:\GitHubAndGitlab\spectrator\0.1\Win32\Source\Spectrator\x64\Debug\rc.command.1.tlog
D:\GitHubAndGitlab\spectrator\0.1\Win32\Source\Spectrator\x64\Debug\rc.read.1.tlog
D:\GitHubAndGitlab\spectrator\0.1\Win32\Source\Spectrator\x64\Debug\rc.write.1.tlog
D:\GitHubAndGitlab\spectrator\0.1\Win32\Source\Spectrator\x64\Debug\Spectrator.exe.intermediate.manifest
D:\GitHubAndGitlab\spectrator\0.1\Win32\Source\Spectrator\x64\Debug\Spectrator.MainView.resources
D:\GitHubAndGitlab\spectrator\0.1\Win32\Source\Spectrator\x64\Debug\Spectrator.obj
D:\GitHubAndGitlab\spectrator\0.1\Win32\Source\Spectrator\x64\Debug\Spectrator.pch
D:\GitHubAndGitlab\spectrator\0.1\Win32\Source\Spectrator\x64\Debug\Spectrator.vcxproj.GenerateResource.Cache
D:\GitHubAndGitlab\spectrator\0.1\Win32\Source\Spectrator\x64\Debug\SpeculationControl.obj
D:\GitHubAndGitlab\spectrator\0.1\Win32\Source\Spectrator\x64\Debug\stdafx.obj
D:\GitHubAndGitlab\spectrator\0.1\Win32\Source\Spectrator\x64\Debug\vc100.pdb
D:\GitHubAndGitlab\spectrator\0.1\Win32\Source\Spectrator\x64\Debug\WindowsSpeculationControl.obj
D:\GitHubAndGitlab\spectrator\0.1\Win32\Source\x64\Debug\Spectrator.exe
D:\GitHubAndGitlab\spectrator\0.1\Win32\Source\x64\Debug\Spectrator.ilk
D:\GitHubAndGitlab\spectrator\0.1\Win32\Source\x64\Debug\Spectrator.pdb
