C:\USERS\HARDE\DOCUMENTS\VISUAL STUDIO 2010\PROJECTS\SPECTRATOR\RELEASE\SPECTRATOR.EXE
C:\USERS\HARDE\DOCUMENTS\VISUAL STUDIO 2010\PROJECTS\SPECTRATOR\RELEASE\SPECTRATOR.PDB
C:\USERS\HARDE\DOCUMENTS\VISUAL STUDIO 2010\PROJECTS\SPECTRATOR\SPECTRATOR\RELEASE\.NETFRAMEWORK,VERSION=V4.0.ASSEMBLYATTRIBUTES.OBJ
C:\USERS\HARDE\DOCUMENTS\VISUAL STUDIO 2010\PROJECTS\SPECTRATOR\SPECTRATOR\RELEASE\APP.RES
C:\USERS\HARDE\DOCUMENTS\VISUAL STUDIO 2010\PROJECTS\SPECTRATOR\SPECTRATOR\RELEASE\ASSEMBLYINFO.OBJ
C:\Users\harde\documents\visual studio 2010\Projects\Spectrator\Spectrator\Release\cl.command.1.tlog
C:\Users\harde\documents\visual studio 2010\Projects\Spectrator\Spectrator\Release\CL.read.1.tlog
C:\Users\harde\documents\visual studio 2010\Projects\Spectrator\Spectrator\Release\CL.write.1.tlog
C:\USERS\HARDE\DOCUMENTS\VISUAL STUDIO 2010\PROJECTS\SPECTRATOR\SPECTRATOR\RELEASE\CPUINFORMATION.OBJ
C:\Users\harde\documents\visual studio 2010\Projects\Spectrator\Spectrator\Release\link.command.1.tlog
C:\Users\harde\documents\visual studio 2010\Projects\Spectrator\Spectrator\Release\link.read.1.tlog
C:\Users\harde\documents\visual studio 2010\Projects\Spectrator\Spectrator\Release\link.write.1.tlog
C:\Users\harde\documents\visual studio 2010\Projects\Spectrator\Spectrator\Release\link-cvtres.read.1.tlog
C:\Users\harde\documents\visual studio 2010\Projects\Spectrator\Spectrator\Release\link-cvtres.write.1.tlog
C:\Users\harde\documents\visual studio 2010\Projects\Spectrator\Spectrator\Release\mt.command.1.tlog
C:\Users\harde\documents\visual studio 2010\Projects\Spectrator\Spectrator\Release\mt.read.1.tlog
C:\Users\harde\documents\visual studio 2010\Projects\Spectrator\Spectrator\Release\mt.write.1.tlog
C:\Users\harde\documents\visual studio 2010\Projects\Spectrator\Spectrator\Release\rc.command.1.tlog
C:\Users\harde\documents\visual studio 2010\Projects\Spectrator\Spectrator\Release\rc.read.1.tlog
C:\Users\harde\documents\visual studio 2010\Projects\Spectrator\Spectrator\Release\rc.write.1.tlog
C:\USERS\HARDE\DOCUMENTS\VISUAL STUDIO 2010\PROJECTS\SPECTRATOR\SPECTRATOR\RELEASE\SPECTRATOR.EXE.INTERMEDIATE.MANIFEST
C:\Users\harde\documents\visual studio 2010\Projects\Spectrator\Spectrator\Release\Spectrator.MainView.resources
C:\USERS\HARDE\DOCUMENTS\VISUAL STUDIO 2010\PROJECTS\SPECTRATOR\SPECTRATOR\RELEASE\SPECTRATOR.OBJ
C:\USERS\HARDE\DOCUMENTS\VISUAL STUDIO 2010\PROJECTS\SPECTRATOR\SPECTRATOR\RELEASE\SPECTRATOR.PCH
C:\Users\harde\documents\visual studio 2010\Projects\Spectrator\Spectrator\Release\Spectrator.vcxproj.GenerateResource.Cache
C:\Users\harde\documents\visual studio 2010\Projects\Spectrator\Spectrator\Release\Spectrator.vcxprojResolveAssemblyReference.cache
C:\Users\harde\documents\visual studio 2010\Projects\Spectrator\Spectrator\Release\Spectrator.write.1.tlog
C:\USERS\HARDE\DOCUMENTS\VISUAL STUDIO 2010\PROJECTS\SPECTRATOR\SPECTRATOR\RELEASE\SPECULATIONCONTROL.OBJ
C:\USERS\HARDE\DOCUMENTS\VISUAL STUDIO 2010\PROJECTS\SPECTRATOR\SPECTRATOR\RELEASE\STDAFX.OBJ
C:\USERS\HARDE\DOCUMENTS\VISUAL STUDIO 2010\PROJECTS\SPECTRATOR\SPECTRATOR\RELEASE\VC100.PDB
